<?xml version="1.0" encoding="UTF-8"?>
<!-- Generated by org.testng.reporters.JUnitReportReporter -->
<testsuite hostname="PC-9" failures="0" tests="9" name="tests.parts.Spotorderparts" time="1158.725" errors="0" timestamp="9 Jan 2024 08:57:08 GMT">
  <testcase classname="tests.parts.Spotorderparts" name="Test_009_verifyWarehouseText" time="184.628"/>
  <testcase classname="tests.parts.Spotorderparts" name="Test_006_inputCoreParentPart" time="152.918"/>
  <testcase classname="tests.parts.Spotorderparts" name="Test_002_clickOnSpotOrder" time="82.098"/>
  <testcase classname="tests.parts.Spotorderparts" name="Test_003_inputPartialPartNumber" time="64.916"/>
  <testcase classname="tests.parts.Spotorderparts" name="Test_004_clickOnAddButton" time="73.381"/>
  <testcase classname="tests.parts.Spotorderparts" name="Test_008_verifyRequiredPart" time="191.601"/>
  <testcase classname="tests.parts.Spotorderparts" name="Test_005_verifySearchPartDescription" time="180.048"/>
  <testcase classname="tests.parts.Spotorderparts" name="Test_007_verifyPO" time="192.508"/>
  <testcase classname="tests.parts.Spotorderparts" name="Test_001_gotoOrderPartsScreen" time="36.627"/>
</testsuite> <!-- tests.parts.Spotorderparts -->
