<?xml version="1.0" encoding="UTF-8"?>
<!-- Generated by org.testng.reporters.JUnitReportReporter -->
<testsuite hostname="PC-9" failures="0" tests="6" name="tests.parts.CreatePart" time="198.419" errors="0" timestamp="9 Jan 2024 07:33:36 GMT">
  <testcase classname="tests.parts.CreatePart" name="create_new_part" time="51.489"/>
  <testcase classname="tests.parts.CreatePart" name="click_NewPart_Verify_All_Elements" time="35.869"/>
  <testcase classname="tests.parts.CreatePart" name="signOut_verify_username" time="35.632"/>
  <testcase classname="tests.parts.CreatePart" name="gotoPartsMaster" time="24.082"/>
  <testcase classname="tests.parts.CreatePart" name="search_the_number" time="40.047"/>
  <testcase classname="tests.parts.CreatePart" name="verify_standard_field" time="11.300"/>
</testsuite> <!-- tests.parts.CreatePart -->
